2026-03-06 17:46:14.490: [INFO] VisibilityChanged: 0
2026-03-06 17:46:14.548: [INFO] RecordSyncInitDuration has_sync_been_enabled: 0 state: 0
2026-03-06 17:46:14.549: [INFO] RecordSyncInitDuration has_sync_been_enabled: 0 state: 0
2026-03-06 17:46:14.549: [INFO] RecordSyncInitDuration has_sync_been_enabled: 0 state: 0
2026-03-06 17:46:14.550: [INFO] RecordSyncInitDuration has_sync_been_enabled: 0 state: 0
2026-03-06 17:46:14.551: [INFO] RecordSyncInitDuration has_sync_been_enabled: 0 state: 0
2026-03-06 17:46:14.551: [INFO] RecordSyncInitDuration has_sync_been_enabled: 0 state: 0
2026-03-06 17:46:14.552: [INFO] RecordSyncInitDuration has_sync_been_enabled: 0 state: 0
2026-03-06 17:46:14.553: [INFO] RecordSyncInitDuration has_sync_been_enabled: 0 state: 0
2026-03-06 17:46:14.553: [INFO] RecordSyncInitDuration has_sync_been_enabled: 0 state: 0
2026-03-06 17:46:14.554: [INFO] RecordSyncInitDuration has_sync_been_enabled: 0 state: 0
2026-03-06 17:46:14.554: [INFO] RecordSyncInitDuration has_sync_been_enabled: 0 state: 0
2026-03-06 17:46:14.555: [INFO] RecordSyncInitDuration has_sync_been_enabled: 0 state: 0
2026-03-06 17:46:14.566: [INFO] BookmarkModelLoaded, ids_reassigned: 0
2026-03-06 17:46:14.566: [INFO] OnDoneLoading sync enabled: 0
2026-03-06 17:46:14.630: [INFO] RecordSyncInitDuration has_sync_been_enabled: 0 state: 0
2026-03-06 17:46:26.938: [INFO] RecordSyncInitDuration has_sync_been_enabled: 0 state: 3
2026-03-06 17:46:26.956: [INFO] Primary account changed.
2026-03-06 17:46:26.956: [INFO] OnPrimaryAccountChanged PrimaryAccountChangeEvent::Type::kSet
2026-03-06 17:46:26.963: [INFO] RecordSyncInitDuration has_sync_been_enabled: 0 state: 3
2026-03-06 17:46:26.990: [INFO] RecordSyncInitDuration has_sync_been_enabled: 0 state: 3
2026-03-06 17:46:31.076: [INFO] Sync initialization duration: 3904ms
