{"logTime": "0306/174628", "correlationVector":"VNcBOsbySC+YzJwFlarNNp.1","action":"SyncServerConnectionManagerRequest", "result":"SYNC_SERVER_OK", "context":{"environment":"Prod_brazilsouth_prod-s01-001-sam-brazilsouth", "migrationStage":"NotStarted", "server":"akswtt00200000s"}}
{"logTime": "0306/174628", "correlationVector":"VNcBOsbySC+YzJwFlarNNp.2","action":"ProcessGetUpdates", "result":"Done", "context":{"dataType":"Encryption Keys", "deleted":"0", "process_failed_to_decrypt":"0", "process_pending_decryption":"0", "process_success":"1", "total":"1"}}
{"logTime": "0306/174629", "correlationVector":"Fx4D1wPOYTAdeOA0YSYcV0","action":"SyncServerConnectionManagerRequest", "result":"SYNC_SERVER_OK", "context":{"environment":"", "migrationStage":"", "server":""}}
{"logTime": "0306/174629", "correlationVector":"Fx4D1wPOYTAdeOA0YSYcV0.0","action":"EncryptionKeysFetcher.DownloadKeys:", "result":"Success", "context":Key count: 1, Last key timestamp: 2026-03-06T17:46:30Z}
{"logTime": "0306/174629", "correlationVector":"Fx4D1wPOYTAdeOA0YSYcV0.1","action":"EncryptionKeysManager::SetEncryptionKeys:", "result":"Success", "context":Key names[1]:[TnflZw/3yuNvk5VJtfgbeKQZdnS3wyeXp6gykIvYP//wKcceR6Ypt3WaKRE30/EPm0MC9PDEc+/TnLzLBc/T3Q==]}
{"logTime": "0306/174629", "correlationVector":"Fx4D1wPOYTAdeOA0YSYcV0.2","action":"EncryptionKeysManager::SetEncryptionKeysWithTimestamps:", "result":"Success", "context":Key timestamps[1]:[2026-03-06T17:46:30Z]}
{"logTime": "0306/174629", "correlationVector":"VNcBOsbySC+YzJwFlarNNp","action":"Initial GetUpdates", "result":"", "context":Reason: NEW_CLIENT. cV=VNcBOsbySC+YzJwFlarNNp}
{"logTime": "0306/174629", "correlationVector":"VNcBOsbySC+YzJwFlarNNp.3","action":"GetUpdates Response", "result":"Success", "context":Received 1 update(s). cV=VNcBOsbySC+YzJwFlarNNp.0;server=akswtt00200000s;cloudType=Consumer;environment=Prod_brazilsouth_prod-s01-001-sam-brazilsouth;migrationStage=NotStarted}
{"logTime": "0306/174629", "correlationVector":"Ht2et2gvculweW2fslY4kD","action":"Initial GetUpdates", "result":"", "context":Reason: NEW_CLIENT. cV=Ht2et2gvculweW2fslY4kD}
{"logTime": "0306/174630", "correlationVector":"Ht2et2gvculweW2fslY4kD.1","action":"SyncServerConnectionManagerRequest", "result":"SYNC_SERVER_OK", "context":{"environment":"Prod_brazilsouth_prod-s01-001-sam-brazilsouth", "migrationStage":"NotStarted", "server":"akswtt00200000s"}}
{"logTime": "0306/174630", "correlationVector":"Ht2et2gvculweW2fslY4kD.2","action":"GetUpdates Response", "result":"Success", "context":Received 0 update(s). cV=Ht2et2gvculweW2fslY4kD.0;server=akswtt00200000s;cloudType=Consumer;environment=Prod_brazilsouth_prod-s01-001-sam-brazilsouth;migrationStage=NotStarted}
{"logTime": "0306/174630", "correlationVector":"QpfnnOCjE/Q/jLR9CsCf7m","action":"Initial GetUpdates", "result":"", "context":Reason: NEW_CLIENT. cV=QpfnnOCjE/Q/jLR9CsCf7m}
{"logTime": "0306/174630", "correlationVector":"QpfnnOCjE/Q/jLR9CsCf7m.1","action":"SyncServerConnectionManagerRequest", "result":"SYNC_SERVER_OK", "context":{"environment":"Prod_brazilsouth_prod-s01-001-sam-brazilsouth", "migrationStage":"NotStarted", "server":"akswtt00200000q"}}
{"logTime": "0306/174630", "correlationVector":"QpfnnOCjE/Q/jLR9CsCf7m.2","action":"ProcessGetUpdates", "result":"Done", "context":{"dataType":"Bookmarks", "deleted":"0", "process_failed_to_decrypt":"0", "process_pending_decryption":"0", "process_success":"6", "total":"6"}}
{"logTime": "0306/174630", "correlationVector":"QpfnnOCjE/Q/jLR9CsCf7m.3","action":"GetUpdates Response", "result":"Success", "context":Received 6 update(s). cV=QpfnnOCjE/Q/jLR9CsCf7m.0;server=akswtt00200000q;cloudType=Consumer;environment=Prod_brazilsouth_prod-s01-001-sam-brazilsouth;migrationStage=NotStarted}
{"logTime": "0306/174630", "correlationVector":"OcEVlboF+6jzrQEchWQSu1","action":"Initial GetUpdates", "result":"", "context":Reason: NEW_CLIENT. cV=OcEVlboF+6jzrQEchWQSu1}
{"logTime": "0306/174631", "correlationVector":"OcEVlboF+6jzrQEchWQSu1.1","action":"SyncServerConnectionManagerRequest", "result":"SYNC_SERVER_OK", "context":{"environment":"Prod_brazilsouth_prod-s01-001-sam-brazilsouth", "migrationStage":"NotStarted", "server":"akswtt00200000a"}}
{"logTime": "0306/174631", "correlationVector":"OcEVlboF+6jzrQEchWQSu1.2","action":"ProcessGetUpdates", "result":"Done", "context":{"dataType":"Autofill", "deleted":"0", "process_failed_to_decrypt":"0", "process_pending_decryption":"0", "process_success":"1", "total":"1"}}
{"logTime": "0306/174631", "correlationVector":"OcEVlboF+6jzrQEchWQSu1.3","action":"GetUpdates Response", "result":"Success", "context":Received 1 update(s). cV=OcEVlboF+6jzrQEchWQSu1.0;server=akswtt00200000a;cloudType=Consumer;environment=Prod_brazilsouth_prod-s01-001-sam-brazilsouth;migrationStage=NotStarted}
{"logTime": "0306/174631", "correlationVector":"XVbvydKBxDRsDMlRv7/wqw","action":"Initial GetUpdates", "result":"", "context":Reason: NEW_CLIENT. cV=XVbvydKBxDRsDMlRv7/wqw}
{"logTime": "0306/174631", "correlationVector":"XVbvydKBxDRsDMlRv7/wqw.1","action":"SyncServerConnectionManagerRequest", "result":"SYNC_SERVER_OK", "context":{"environment":"Prod_brazilsouth_prod-s01-001-sam-brazilsouth", "migrationStage":"NotStarted", "server":"akswtt00200000a"}}
{"logTime": "0306/174631", "correlationVector":"XVbvydKBxDRsDMlRv7/wqw.2","action":"GetUpdates Response", "result":"Success", "context":Received 0 update(s). cV=XVbvydKBxDRsDMlRv7/wqw.0;server=akswtt00200000a;cloudType=Consumer;environment=Prod_brazilsouth_prod-s01-001-sam-brazilsouth;migrationStage=NotStarted}
{"logTime": "0306/174631", "correlationVector":"SKBj6ie87poJKJaFSFd+Bc","action":"Normal GetUpdate request", "result":"", "context":cV=SKBj6ie87poJKJaFSFd+Bc
Nudged types: Preferences, Sessions, Device Info, User Consents, Encryption Keys
Refresh requested types: Bookmarks, Preferences, Passwords, Autofill Profiles, Autofill, Extensions, Sessions, Extension settings, History Delete Directives, Device Info, User Consents, Send Tab To Self, Web Apps, History, Saved Tab Group, WebAuthn Credentials, Collection, Edge E Drop, Edge Hub App Usage, Edge Wallet, Edge Workspace, Encryption Keys}
{"logTime": "0306/174632", "correlationVector":"SKBj6ie87poJKJaFSFd+Bc.1","action":"SyncServerConnectionManagerRequest", "result":"SYNC_SERVER_OK", "context":{"environment":"Prod_brazilsouth_prod-s01-001-sam-brazilsouth", "migrationStage":"NotStarted", "server":"akswtt002000008"}}
{"logTime": "0306/174632", "correlationVector":"SKBj6ie87poJKJaFSFd+Bc.2","action":"GetUpdates Response", "result":"Success", "context":Received 0 update(s). cV=SKBj6ie87poJKJaFSFd+Bc.0;server=akswtt002000008;cloudType=Consumer;environment=Prod_brazilsouth_prod-s01-001-sam-brazilsouth;migrationStage=NotStarted}
{"logTime": "0306/174632", "correlationVector":"BkDkAQrV6xKBdlIyHEpksQ","action":"Commit Request", "result":"", "context":Item count: 1
Contributing types: Encryption Keys}
{"logTime": "0306/174632", "correlationVector":"BkDkAQrV6xKBdlIyHEpksQ.1","action":"SyncServerConnectionManagerRequest", "result":"SYNC_SERVER_OK", "context":{"environment":"Prod_brazilsouth_prod-s01-001-sam-brazilsouth", "migrationStage":"NotStarted", "server":"akswtt00200000q"}}
{"logTime": "0306/174632", "correlationVector":"BkDkAQrV6xKBdlIyHEpksQ.2","action":"Commit Response", "result":"Success", "context":Result: Success. cV=BkDkAQrV6xKBdlIyHEpksQ.0;server=akswtt00200000q;cloudType=Consumer;environment=Prod_brazilsouth_prod-s01-001-sam-brazilsouth;migrationStage=NotStarted}
{"logTime": "0306/174632", "correlationVector":"Wj3TXy2pOLhKEfQ8cJkWCB","action":"Commit Request", "result":"", "context":Item count: 23
Contributing types: Preferences, Sessions, Device Info, User Consents}
{"logTime": "0306/174635", "correlationVector":"Wj3TXy2pOLhKEfQ8cJkWCB.1","action":"SyncServerConnectionManagerRequest", "result":"SYNC_SERVER_OK", "context":{"environment":"Prod_brazilsouth_prod-s01-001-sam-brazilsouth", "migrationStage":"NotStarted", "server":"akswtt002000003"}}
{"logTime": "0306/174635", "correlationVector":"Wj3TXy2pOLhKEfQ8cJkWCB.2","action":"Commit Response", "result":"Success", "context":Result: Success. cV=Wj3TXy2pOLhKEfQ8cJkWCB.0;server=akswtt002000003;cloudType=Consumer;environment=Prod_brazilsouth_prod-s01-001-sam-brazilsouth;migrationStage=NotStarted}
{"logTime": "0306/174635", "correlationVector":"GVvVBMqFCbNpNgEP5NZ5m9","action":"Commit Request", "result":"", "context":Item count: 1
Contributing types: Preferences}
{"logTime": "0306/174636", "correlationVector":"GVvVBMqFCbNpNgEP5NZ5m9.1","action":"SyncServerConnectionManagerRequest", "result":"SYNC_SERVER_OK", "context":{"environment":"Prod_brazilsouth_prod-s01-001-sam-brazilsouth", "migrationStage":"NotStarted", "server":"akswtt00200000a"}}
{"logTime": "0306/174636", "correlationVector":"GVvVBMqFCbNpNgEP5NZ5m9.2","action":"Commit Response", "result":"Success", "context":Result: Success. cV=GVvVBMqFCbNpNgEP5NZ5m9.0;server=akswtt00200000a;cloudType=Consumer;environment=Prod_brazilsouth_prod-s01-001-sam-brazilsouth;migrationStage=NotStarted}
